E:\THREADPOOL\NEWTHREADPOOL\DEBUG\NEWTHREADPOOL.EXE
E:\THREADPOOL\NEWTHREADPOOL\DEBUG\NEWTHREADPOOL.ILK
E:\THREADPOOL\NEWTHREADPOOL\DEBUG\NEWTHREADPOOL.PDB
E:\ThreadPool\NewThreadPool\NewThreadPool\Debug\cl.command.1.tlog
E:\ThreadPool\NewThreadPool\NewThreadPool\Debug\CL.read.1.tlog
E:\ThreadPool\NewThreadPool\NewThreadPool\Debug\CL.write.1.tlog
E:\THREADPOOL\NEWTHREADPOOL\NEWTHREADPOOL\DEBUG\CONDITION.OBJ
E:\THREADPOOL\NEWTHREADPOOL\NEWTHREADPOOL\DEBUG\JOB.OBJ
E:\ThreadPool\NewThreadPool\NewThreadPool\Debug\link.command.1.tlog
E:\ThreadPool\NewThreadPool\NewThreadPool\Debug\link.read.1.tlog
E:\ThreadPool\NewThreadPool\NewThreadPool\Debug\link.write.1.tlog
E:\THREADPOOL\NEWTHREADPOOL\NEWTHREADPOOL\DEBUG\MAIN.OBJ
E:\ThreadPool\NewThreadPool\NewThreadPool\Debug\mt.command.1.tlog
E:\ThreadPool\NewThreadPool\NewThreadPool\Debug\mt.read.1.tlog
E:\ThreadPool\NewThreadPool\NewThreadPool\Debug\mt.write.1.tlog
E:\THREADPOOL\NEWTHREADPOOL\NEWTHREADPOOL\DEBUG\NEWTHREADPOOL.EXE.INTERMEDIATE.MANIFEST
E:\THREADPOOL\NEWTHREADPOOL\NEWTHREADPOOL\DEBUG\THREAD.OBJ
E:\THREADPOOL\NEWTHREADPOOL\NEWTHREADPOOL\DEBUG\THREADMANAGE.OBJ
E:\THREADPOOL\NEWTHREADPOOL\NEWTHREADPOOL\DEBUG\THREADMUTEX.OBJ
E:\THREADPOOL\NEWTHREADPOOL\NEWTHREADPOOL\DEBUG\THREADPOOL.OBJ
E:\ThreadPool\NewThreadPool\NewThreadPool\Debug\vc100.idb
E:\THREADPOOL\NEWTHREADPOOL\NEWTHREADPOOL\DEBUG\VC100.PDB
E:\THREADPOOL\NEWTHREADPOOL\NEWTHREADPOOL\DEBUG\WORKERTHREAD.OBJ
