生成启动时间为 2018/2/6 11:32:07。
     1>项目“E:\ThreadPool\NewThreadPool\NewThreadPool\NewThreadPool.vcxproj”在节点 2 上(build 个目标)。
     1>InitializeBuildStatus:
         正在创建“Debug\NewThreadPool.unsuccessfulbuild”，因为已指定“AlwaysCreate”。
       ClCompile:
         d:\vs\VC\bin\CL.exe /c /ZI /nologo /W3 /WX- /Od /Oy- /D _MBCS /Gm /EHsc /RTC1 /MDd /GS /fp:precise /Zc:wchar_t /Zc:forScope /Fo"Debug\\" /Fd"Debug\vc100.pdb" /Gd /TP /analyze- /errorReport:prompt Condition.cpp Job.cpp Thread.cpp ThreadManage.cpp ThreadMutex.cpp ThreadPool.cpp WorkerThread.cpp main.cpp /wd4430 
         main.cpp
         WorkerThread.cpp
     1>e:\threadpool\newthreadpool\newthreadpool\workerthread.cpp(30): warning C4018: “>”: 有符号/无符号不匹配
         ThreadPool.cpp
     1>e:\threadpool\newthreadpool\newthreadpool\threadpool.cpp(14): warning C4018: “<”: 有符号/无符号不匹配
     1>e:\threadpool\newthreadpool\newthreadpool\threadpool.cpp(33): warning C4018: “<”: 有符号/无符号不匹配
     1>e:\threadpool\newthreadpool\newthreadpool\threadpool.cpp(49): warning C4018: “<”: 有符号/无符号不匹配
         ThreadMutex.cpp
         ThreadManage.cpp
         Thread.cpp
     1>e:\threadpool\newthreadpool\newthreadpool\thread.cpp(88): warning C4996: 'strncpy': This function or variable may be unsafe. Consider using strncpy_s instead. To disable deprecation, use _CRT_SECURE_NO_WARNINGS. See online help for details.
                 d:\vs\vc\include\string.h(188) : 参见“strncpy”的声明
         Job.cpp
     1>e:\threadpool\newthreadpool\newthreadpool\job.cpp(22): warning C4996: 'strcpy': This function or variable may be unsafe. Consider using strcpy_s instead. To disable deprecation, use _CRT_SECURE_NO_WARNINGS. See online help for details.
                 d:\vs\vc\include\string.h(105) : 参见“strcpy”的声明
         Condition.cpp
         正在生成代码...
       Link:
         d:\vs\VC\bin\link.exe /ERRORREPORT:PROMPT /OUT:"E:\ThreadPool\NewThreadPool\Debug\NewThreadPool.exe" /NOLOGO kernel32.lib user32.lib gdi32.lib winspool.lib comdlg32.lib advapi32.lib shell32.lib ole32.lib oleaut32.lib uuid.lib odbc32.lib odbccp32.lib /MANIFEST /ManifestFile:"Debug\NewThreadPool.exe.intermediate.manifest" /MANIFESTUAC:"level='asInvoker' uiAccess='false'" /DEBUG /PDB:"E:\ThreadPool\NewThreadPool\Debug\NewThreadPool.pdb" /TLBID:1 /DYNAMICBASE /NXCOMPAT /IMPLIB:"E:\ThreadPool\NewThreadPool\Debug\NewThreadPool.lib" /MACHINE:X86 Debug\Condition.obj
         Debug\Job.obj
         Debug\main.obj
         Debug\Thread.obj
         Debug\ThreadManage.obj
         Debug\ThreadMutex.obj
         Debug\ThreadPool.obj
         Debug\WorkerThread.obj
         LINK : 没有找到 E:\ThreadPool\NewThreadPool\Debug\NewThreadPool.exe 或上一个增量链接没有生成它；正在执行完全链接
         NewThreadPool.vcxproj -> E:\ThreadPool\NewThreadPool\Debug\NewThreadPool.exe
       Manifest:
         C:\Program Files (x86)\Microsoft SDKs\Windows\v7.0A\bin\mt.exe /nologo /verbose /outputresource:"E:\ThreadPool\NewThreadPool\Debug\NewThreadPool.exe;#1" /manifest Debug\NewThreadPool.exe.intermediate.manifest
       FinalizeBuildStatus:
         正在删除文件“Debug\NewThreadPool.unsuccessfulbuild”。
         正在对“Debug\NewThreadPool.lastbuildstate”执行 Touch 任务。
     1>已完成生成项目“E:\ThreadPool\NewThreadPool\NewThreadPool\NewThreadPool.vcxproj”(build 个目标)的操作。

生成成功。

已用时间 00:00:08.85
